<?xml version="1.0" encoding="UTF-8"?>
<!-- Generated by org.testng.reporters.JUnitXMLReporter -->
<testsuite ignored="0" hostname="LAPTOP-M6SQM49K" failures="0" tests="4" name="Default test" time="68.46" errors="0" timestamp="2024-02-03T14:53:12 IST">
  <testcase classname="mvn.MainTest" name="Registation" time="26.285"/>
  <testcase classname="mvn.MainTest" name="login" time="7.979"/>
  <testcase classname="mvn.MainTest" name="Sidemenu" time="18.751"/>
  <testcase classname="mvn.MainTest" name="ss" time="2.194"/>
</testsuite> <!-- Default test -->
